[LOG] System::create                           : Header version = 1.10.02. Current version = 1.10.02.
[LOG] SystemI::setOutputInternal               : Setting output to type 0
[LOG] Manager::init                            : maxchannels = 1024 studioflags = 00000009 flags 00000000 extradriverdata 0000000000000000.
[LOG] SystemI::init                            : FMOD Studio Version: 00011002 (92217)
[LOG] SystemI::init                            : maxchannels = 1024, flags = 00030000, extradriverdata = 0000000000000000
[LOG] SystemI::setOutputInternal               : Setting output to type 8
[LOG] SystemI::setOutputInternal               : Setting output to type 8
[LOG] SystemI::setOutputInternal               : Setting output to type 8
[LOG] OutputWASAPI::init                       : Mix Format (WAVEFORMATEX): wFormatTag=0xFFFE, nChannels=2, nSamplesPerSec=48000, nAvgBytesPerSec=384000, nBlockAlign=8, wBitsPerSample=32, cbSize=22.
[LOG] OutputWASAPI::init                       : Mix Format (WAVEFORMATEXTENSIBLE): wValidBitsPerSample=32, dwChannelMask=0x00000003, SubFormat=00000003-0000-0010-8000-00AA00389B71.
[LOG] OutputWASAPI::init                       : Output buffer size: 4096 samples, latency: 10.67ms, period: 10.00ms, DSP buffer: 1024 * 4
[LOG] SystemI::init                            : Create master channel group and master sound group.
[LOG] SystemI::init                            : Set up emulated output.  1024 channels
[LOG] SystemI::init                            : create the channel pool
[LOG] SystemI::init                            : create the stream thread
[LOG] Thread::initThread                       : Init FMOD stream thread. Priority: 2, Stack Size: 65536, Semaphore: No, Sleep Time: 10, Looping: Yes.
[LOG] SystemI::DSPCodecPoolRegister            : register codec pool for pool type 5
[LOG] Thread::initThread                       : Init FMOD mixer thread. Priority: 3, Stack Size: 49152, Semaphore: No, Sleep Time: 0, Looping: Yes.
[LOG] AsyncManager::init                       : manager 00000000633F6358 isAsync 1 updatePeriod 0.02
[LOG] Thread::initThread                       : Init FMOD Studio update thread. Priority: 0, Stack Size: 65536, Semaphore: No, Sleep Time: 1, Looping: No.
[LOG] AsyncManager::init                       : done
[LOG] PlaybackSystem::init                     : 
[LOG] Thread::initThread                       : Init FMOD Studio sample load thread. Priority: 0, Stack Size: 65536, Semaphore: No, Sleep Time: 1, Looping: No.
[LOG] PlaybackSystem::init                     : done
[LOG] LiveUpdate::init                         : 
[LOG] Thread::initThread                       : Init FMOD Studio bank load thread. Priority: 0, Stack Size: 65536, Semaphore: No, Sleep Time: 1, Looping: No.
[LOG] Manager::init                            : done.
[LOG] Profile::init                            : Profiler listening on port: 9264
[LOG] Manager::readBank                        : fileversion = 99, compatVersion = 99 (oldest = 44, newest = 99)
[LOG] Manager::readBank                        : fileversion = 99, compatVersion = 99 (oldest = 44, newest = 99)
[LOG] PlaybackSystem::acquireMasterBus         : Setting master channel group format to 6
[LOG] SystemI::createSound                     : filename = Assets\AudioBanks/Master Bank.bank : mode 02010082
[LOG] SystemI::createSound                     : FMOD_NONBLOCKING specified.  Putting into queue to be opened asynchronously!
[LOG] Thread::initThread                       : Init FMOD nonblocking thread (0). Priority: 1, Stack Size: 81920, Semaphore: Yes, Sleep Time: 0, Looping: Yes.
[LOG] SystemI::createSound                     : setdata soundi = 000000003CBE7E68 : node = 0000000055DE9C80
[LOG] SystemI::createSound                     : add node to async list : head = 00000000344D3188.  list count = 0
[LOG] AsyncThread::threadFunc                  : Starting Asynchronous operation on sound 000000003CBE7E68
[LOG] SystemI::createSoundInternal             :     filename = Assets\AudioBanks/Master Bank.bank : mode 02010082
[LOG] SystemI::createSoundInternal             :     exinfo->cbsize             = 232
[LOG] SystemI::createSoundInternal             :     exinfo->length             = 34177536
[LOG] SystemI::createSoundInternal             :     exinfo->fileoffset         = 17344
[LOG] SystemI::createSoundInternal             :     exinfo->numsubsounds       = 1
[LOG] SystemI::createSoundInternal             :     exinfo->inclusionlist      = 0000000055DE9D98
[LOG] SystemI::createSoundInternal             :     exinfo->inclusionlistnum   = 1
[LOG] SystemI::createSoundInternal             :     exinfo->suggestedsoundtype = 5
[LOG] SystemI::createSoundInternal             :     exinfo->initialseekpostype = 1
[LOG] SystemI::createSoundInternal             :     Format has 1 subsounds.
[LOG] SystemI::createSoundInternal             :     Create as FMOD_CREATESTREAM
[LOG] System::createSoundInternal              :     decode buffersize = 19200 : blocksize = 256 : format = 2
[LOG] SystemI::createSample                    :     mode 02010082 length 19200 samples, lengthbytes 4965888
[LOG] SystemI::createSample                    :     channels = 2
[LOG] SystemI::createSample                    :     output = 000000000B0E6118
[LOG] OutputSoftware::createSample             :     lengthpcm 19200, lengthbytes 4965888, channels 2, format 2, freq 48000, mode 0201008a
[LOG] System::createSoundInternal              :     1 subsounds detected.
[LOG] System::createSoundInternal              :     Seek stream to start
[LOG] System::createSoundInternal              :     flush stream buffer
[LOG] System::createSoundInternal              :     flush successful.
[LOG] System::createSoundInternal              :     switch file handle from small blocking single buffered to large nonblocking doublebuffered.
[LOG] Thread::initThread                       :         Init FMOD file thread. Priority: 1, Stack Size: 16384, Semaphore: No, Sleep Time: 10, Looping: Yes.
[LOG] SystemI::createSoundInternal             :     done.  OpenState now = FMOD_OPENSTATE_READY.

[LOG] AsyncThread::threadFunc                  : Finished Asynchronous operation on sound 000000003CBE7E68
[LOG] SoundI::getSubSound                      : sound 000000003CBE7E68.  Subsound index 0 / 1
[LOG] SoundI::release                          : easy_94 (000000003CBE7E68)
[LOG] SoundI::release                          : remove stream samples. (000000003CBE7E68)
[LOG] SoundI::release                          :     easy_94 (00000000344D31D8)
[LOG] SoundI::release                          :     done
[LOG] SoundI::release                          : release subsounds. (000000003CBE7E68)
[LOG] SoundI::release                          :     easy_94 (000000003CBE8018)
[LOG] SoundI::release                          :     done
[LOG] SoundI::release                          : release codec. (000000003CBE7E68)
[LOG] SoundI::release                          : done
[LOG] Thread::callback                         : FMOD Studio update thread finished.
[LOG] Thread::callback                         : FMOD Studio bank load thread finished.
[LOG] Profile::disconnectAll                   : Profiler disconnecting all clients
[LOG] Thread::callback                         : FMOD Studio sample load thread finished.
[LOG] LiveUpdate::release                      : 
[LOG] LiveUpdate::reset                        : Reset connection (reason Disconnected)
[LOG] SystemI::close                           : 
[LOG] SystemI::close                           : Stop all sounds
[LOG] Thread::callback                         : FMOD stream thread finished.
[LOG] SystemI::close                           : Stream thread destroyed
[LOG] Thread::callback                         : FMOD mixer thread finished.
[LOG] Profile::disconnectAll                   : Profiler disconnecting all clients
[LOG] SystemI::close                           : Free master channel group.
[LOG] SystemI::close                           : Remove 'master' sound group.
[LOG] SystemI::close                           : Free software output.
[LOG] SystemI::close                           : Free emulated output.
[LOG] SystemI::close                           : Free channel pool.
[LOG] Thread::callback                         : FMOD nonblocking thread (0) finished.
[LOG] Thread::callback                         : FMOD file thread finished.
[LOG] SystemI::close                           : done.

